<?xml version="1.0" encoding="utf-8"?><testsuites name="pytest tests"><testsuite name="pytest" errors="0" failures="2" skipped="0" tests="688" time="36.208" timestamp="2026-09-09T16:44:38.065729+05:30" hostname="Avinash007"><testcase classname="tests.test_audit_hardening" name="test_idea_traversal_ids_are_400" time="0.031" /><testcase classname="tests.test_audit_hardening" name="test_project_traversal_name_is_400_not_500" time="0.002" /><testcase classname="tests.test_audit_hardening" name="test_delete_ideas_dotdot_cannot_nuke_projects_dir" time="0.003" /><testcase classname="tests.test_audit_hardening" name="test_store_rejects_bad_ids_directly" time="0.007" /><testcase classname="tests.test_audit_hardening" name="test_save_rename_race_never_tears_json" time="0.030"><failure message="AssertionError: assert not [PermissionError(13, 'Access is denied'), PermissionError(13, 'Permission denied'), PermissionError(13, 'Access is den...onError(13, 'Access is denied'), PermissionError(13, 'Access is denied'), PermissionError(13, 'Access is denied'), ...]">client = &lt;FlaskClient &lt;Flask 'screenplay_studio.webapp_server'&gt;&gt;

    def test_save_rename_race_never_tears_json(client):
        meta = client.post("/api/ideas", json={"title": "race"}).get_json()
        iid = meta["id"]
        errors = []
    
        def save(i):
            try:
                r = client.post(f"/api/ideas/{iid}/content",
                                json={"content": f"line {i}\nsecond {i}"})
                assert r.status_code == 200
            except Exception as e:  # pragma: no cover
                errors.append(e)
    
        def rename(i):
            try:
                r = client.post(f"/api/ideas/{iid}/rename", json={"title": f"T{i}"})
                assert r.status_code == 200
            except Exception as e:  # pragma: no cover
                errors.append(e)
    
        threads = [threading.Thread(target=save, args=(i,)) for i in range(10)]
        threads += [threading.Thread(target=rename, args=(i,)) for i in range(10)]
        for t in threads:
            t.start()
        for t in threads:
            t.join()
&gt;       assert not errors
E       AssertionError: assert not [PermissionError(13, 'Access is denied'), PermissionError(13, 'Permission denied'), PermissionError(13, 'Access is den...onError(13, 'Access is denied'), PermissionError(13, 'Access is denied'), PermissionError(13, 'Access is denied'), ...]

tests\test_audit_hardening.py:102: AssertionError</failure></testcase><testcase classname="tests.test_audit_hardening" name="test_corrupt_idea_is_flagged_on_shelf" time="0.008" /><testcase classname="tests.test_audit_hardening" name="test_healthy_ideas_are_not_flagged" time="0.008" /><testcase classname="tests.test_audit_hardening" name="test_config_personas_exclude_example_keys" time="0.003" /><testcase classname="tests.test_audit_hardening" name="test_stt_languages_shape" time="0.002" /><testcase classname="tests.test_audit_hardening" name="test_oversized_upload_answers_413_json" time="0.048" /><testcase classname="tests.test_audit_hardening" name="test_faster_whisper_is_not_a_hard_dependency" time="0.001" /><testcase classname="tests.test_audit_hardening" name="test_corrupt_manifest_stays_on_the_shelf" time="0.020" /><testcase classname="tests.test_audit_hardening" name="test_non_project_dirs_are_still_not_listed" time="0.015" /><testcase classname="tests.test_audit_hardening" name="test_corrupt_parse_flagged_in_writer_library" time="0.011" /><testcase classname="tests.test_audit_hardening" name="test_config_exposes_demo_flag_and_switch_back" time="0.003" /><testcase classname="tests.test_audit_hardening" name="test_engine_base_ignores_stale_demo_pin" time="0.002" /><testcase classname="tests.test_audit_hardening" name="test_real_server_check_reports_availability" time="2.061" /><testcase classname="tests.test_bare_array_tolerance" name="test_dialogue_analysis_tolerates_bare_array" time="0.006" /><testcase classname="tests.test_bare_array_tolerance" name="test_summaries_tolerate_bare_array" time="0.002" /><testcase classname="tests.test_bare_array_tolerance" name="test_script_level_category_tolerates_bare_array" time="0.000" /><testcase classname="tests.test_bare_array_tolerance" name="test_genre_check_tolerates_bare_array" time="0.000" /><testcase classname="tests.test_bare_array_tolerance" name="test_genre_check_tolerates_scalar_garbage" time="0.000" /><testcase classname="tests.test_bare_array_tolerance" name="test_principle_judgment_tolerates_bare_array" time="0.000" /><testcase classname="tests.test_beatboard.TestBeatBoardModule" name="test_natural_order_when_unset" time="0.017" /><testcase classname="tests.test_beatboard.TestBeatBoardModule" name="test_set_and_get_order" time="0.022" /><testcase classname="tests.test_beatboard.TestBeatBoardModule" name="test_invalid_order_rejected" time="0.017" /><testcase classname="tests.test_beatboard.TestBeatBoardModule" name="test_stale_board_falls_back_to_natural" time="0.022" /><testcase classname="tests.test_beatboard.TestBeatBoardModule" name="test_reset_restores_natural" time="0.018" /><testcase classname="tests.test_beatboard.TestBeatBoardModule" name="test_export_reordered_sequence" time="0.026" /><testcase classname="tests.test_beatboard.TestBeatBoardModule" name="test_export_reordered_does_not_touch_working_copy" time="0.022" /><testcase classname="tests.test_beatboard.TestBeatBoardModule" name="test_board_view_cards" time="0.016" /><testcase classname="tests.test_beatboard.TestBeatBoardAPI" name="test_get_put_flow" time="0.033" /><testcase classname="tests.test_beatboard.TestBeatBoardAPI" name="test_invalid_order_400" time="0.026" /><testcase classname="tests.test_beatboard.TestBeatBoardAPI" name="test_reset_endpoint" time="0.028" /><testcase classname="tests.test_beatboard.TestBeatBoardAPI" name="test_export_endpoint" time="0.031" /><testcase classname="tests.test_bugfix_batch" name="test_upload_failure_keeps_source_with_no_snapshot" time="0.008" /><testcase classname="tests.test_bugfix_batch" name="test_upload_success_swaps_source_atomically" time="0.012" /><testcase classname="tests.test_bugfix_batch" name="test_merge_drops_deterministic_findings_keeps_model_findings" time="0.003" /><testcase classname="tests.test_bugfix_batch" name="test_report_renders_continuity_voice_subtext_sections" time="0.000" /><testcase classname="tests.test_bugfix_batch" name="test_idea_room_does_not_flag_hypothetical_scene_numbers" time="0.002" /><testcase classname="tests.test_bugfix_batch" name="test_script_desk_still_flags_invented_scene_numbers" time="0.001" /><testcase classname="tests.test_bugfix_batch.TestStash404" name="test_get_stash_unknown_project_json_404" time="0.002" /><testcase classname="tests.test_bugfix_batch.TestStash404" name="test_add_stash_unknown_project_json_404" time="0.002" /><testcase classname="tests.test_bugfix_batch.TestStash404" name="test_delete_stash_unknown_project_json_404" time="0.002" /><testcase classname="tests.test_bugfix_batch.TestStash404" name="test_stash_roundtrip_still_works" time="0.024" /><testcase classname="tests.test_bugfix_batch.TestReportHtmlTables" name="test_every_table_gets_header_cells" time="0.000" /><testcase classname="tests.test_bugfix_batch.TestRewrite404" name="test_rewrite_missing_scene_is_404_before_model_call" time="0.016" /><testcase classname="tests.test_character_reads_logline" name="test_logline_test_grammar_rules" time="0.000" /><testcase classname="tests.test_character_reads_logline" name="test_character_reads_grammar_rules" time="0.000" /><testcase classname="tests.test_character_reads_logline" name="test_logline_prompt_carries_language" time="0.000" /><testcase classname="tests.test_character_reads_logline" name="test_character_reads_prompt_carries_language" time="0.000" /><testcase classname="tests.test_character_reads_logline" name="test_run_character_reads_normalizes_and_verifies" time="0.005" /><testcase classname="tests.test_character_reads_logline" name="test_run_character_reads_tolerates_bare_array_and_empty" time="0.001" /><testcase classname="tests.test_character_reads_logline" name="test_run_logline_test_passthrough_and_robustness" time="0.001" /><testcase classname="tests.test_character_reads_logline" name="test_full_pipeline_includes_tier1_sections" time="0.011" /><testcase classname="tests.test_character_reads_logline" name="test_logline_test_skipped_without_coverage_logline" time="0.006" /><testcase classname="tests.test_chat_language_meta.TestStripLanguageMeta" name="test_meta_sentences_removed" time="0.000" /><testcase classname="tests.test_chat_language_meta.TestStripLanguageMeta" name="test_entirely_meta_line_dropped" time="0.000" /><testcase classname="tests.test_chat_language_meta.TestStripLanguageMeta" name="test_clean_text_untouched" time="0.000" /><testcase classname="tests.test_chat_language_meta.TestStripLanguageMeta" name="test_bullet_meta_dropped_but_neighbors_kept" time="0.000" /><testcase classname="tests.test_chat_language_meta.TestStripLanguageMeta" name="test_blank_runs_collapsed" time="0.000" /><testcase classname="tests.test_chat_language_meta.TestPromptRule" name="test_system_prompt_contains_language_rule" time="0.000" /><testcase classname="tests.test_chat_language_meta.TestPromptRule" name="test_system_prompt_forbids_json" time="0.000" /><testcase classname="tests.test_chat_language_meta.TestPromptRule" name="test_rule_applies_to_all_personas" time="0.000" /><testcase classname="tests.test_chat_language_meta.TestPromptRule" name="test_writing_partner_embeds_example_dialogue" time="0.000" /><testcase classname="tests.test_chat_language_meta.TestPromptRule" name="test_other_personas_have_no_example_dialogue" time="0.000" /><testcase classname="tests.test_chat_language_meta.TestScriptMap" name="test_map_lists_headings_and_character_presence" time="0.000" /><testcase classname="tests.test_chat_language_meta.TestScriptMap" name="test_map_strips_extensions_from_character_names" time="0.000" /><testcase classname="tests.test_chat_language_meta.TestScriptMap" name="test_map_empty_script_returns_empty" time="0.000" /><testcase classname="tests.test_chat_language_meta.TestScriptMap" name="test_build_system_prompt_embeds_map" time="0.000" /><testcase classname="tests.test_chat_language_meta.TestScriptMap" name="test_build_system_prompt_without_scenes_has_no_map" time="0.000" /><testcase classname="tests.test_chat_language_meta.TestStripJsonWrap" name="test_fenced_json_with_content_key" time="0.000" /><testcase classname="tests.test_chat_language_meta.TestStripJsonWrap" name="test_raw_json_with_answer_key" time="0.000" /><testcase classname="tests.test_chat_language_meta.TestStripJsonWrap" name="test_single_key_dict_unwrapped" time="0.000" /><testcase classname="tests.test_chat_language_meta.TestStripJsonWrap" name="test_plain_prose_passthrough" time="0.000" /><testcase classname="tests.test_chat_language_meta.TestStripJsonWrap" name="test_prose_starting_with_brace_not_parsed" time="0.000" /><testcase classname="tests.test_chat_language_meta.TestStripJsonWrap" name="test_json_array_passthrough" time="0.000" /><testcase classname="tests.test_chat_language_meta.TestStripJsonWrap" name="test_fenced_prose_passthrough" time="0.000" /><testcase classname="tests.test_chat_language_meta.TestStripJsonWrap" name="test_fenced_json_with_preamble" time="0.000" /><testcase classname="tests.test_chat_language_meta.TestStripJsonWrap" name="test_empty_passthrough" time="0.000" /><testcase classname="tests.test_chat_language_meta.TestStripRepetitionLines" name="test_underscore_tail_removed" time="0.000" /><testcase classname="tests.test_chat_language_meta.TestStripRepetitionLines" name="test_mixed_separators_removed" time="0.000" /><testcase classname="tests.test_chat_language_meta.TestStripRepetitionLines" name="test_mixed_content_lines_untouched" time="0.000" /><testcase classname="tests.test_chat_language_meta.TestStripRepetitionLines" name="test_mid_reply_separator_removed_but_text_kept" time="0.000" /><testcase classname="tests.test_chat_language_meta.TestStripRepetitionLines" name="test_blank_runs_collapsed" time="0.000" /><testcase classname="tests.test_chat_language_meta.TestStripRepetitionLines" name="test_eot_tag_lines_removed" time="0.000" /><testcase classname="tests.test_chat_language_meta.TestStripRepetitionLines" name="test_eot_tag_variants_removed" time="0.000" /><testcase classname="tests.test_chat_language_meta.TestStripRepetitionLines" name="test_tag_glued_to_end_peeled" time="0.000" /><testcase classname="tests.test_chat_language_meta.TestStripRepetitionLines" name="test_tag_glued_mid_text_removed" time="0.000" /><testcase classname="tests.test_chat_language_meta.TestStripRepetitionLines" name="test_cutoff_tag_line_removed" time="0.000" /><testcase classname="tests.test_chat_language_meta.TestStripRepetitionLines" name="test_no_space_tag_token_removed" time="0.000" /><testcase classname="tests.test_chat_language_meta.TestStripRepetitionLines" name="test_html_tag_with_attributes_removed" time="0.000" /><testcase classname="tests.test_chat_language_meta.TestStripRepetitionLines" name="test_html_font_and_closing_tags_removed" time="0.000" /><testcase classname="tests.test_chat_language_meta.TestStripRepetitionLines" name="test_html_tag_own_line_removed" time="0.000" /><testcase classname="tests.test_chat_language_meta.TestStripRepetitionLines" name="test_html_bold_tag_removed" time="0.000" /><testcase classname="tests.test_chat_language_meta.TestStripRepetitionLines" name="test_prose_operators_untouched" time="0.001" /><testcase classname="tests.test_chat_language_meta.TestStripRepetitionLines" name="test_empty_passthrough" time="0.000" /><testcase classname="tests.test_chat_language_meta.TestStripRepeatedBlocks" name="test_question_and_answer_loop_collapsed" time="0.000" /><testcase classname="tests.test_chat_language_meta.TestStripRepeatedBlocks" name="test_multi_repeat_collapsed" time="0.000" /><testcase classname="tests.test_chat_language_meta.TestStripRepeatedBlocks" name="test_near_duplicate_opening_collapsed" time="0.000" /><testcase classname="tests.test_chat_language_meta.TestStripRepeatedBlocks" name="test_first_occurrence_always_kept" time="0.000" /><testcase classname="tests.test_chat_language_meta.TestStripRepeatedBlocks" name="test_short_paragraphs_never_deduped" time="0.000" /><testcase classname="tests.test_chat_language_meta.TestStripRepeatedBlocks" name="test_clean_text_untouched" time="0.000" /><testcase classname="tests.test_chat_language_meta.TestStripRepeatedBlocks" name="test_single_paragraph_untouched" time="0.000" /><testcase classname="tests.test_chat_language_meta.TestStripRepeatedBlocks" name="test_empty_passthrough" time="0.000" /><testcase classname="tests.test_chat_language_meta.TestCleanReplyPipeline" name="test_repetition_loop_tail_and_blocks_stripped" time="0.000" /><testcase classname="tests.test_chat_language_meta.TestCleanReplyPipeline" name="test_glued_separator_at_end_stripped" time="0.000" /><testcase classname="tests.test_chat_language_meta.TestCleanReplyPipeline" name="test_full_live_shapes_all_clean" time="0.000" /><testcase classname="tests.test_chat_language_meta.TestEngineAppliesFilter" name="test_reply_stripped_before_stored" time="0.001" /><testcase classname="tests.test_chat_language_meta.TestEngineAppliesFilter" name="test_clean_reply_passthrough" time="0.001" /><testcase classname="tests.test_chat_language_meta.TestEngineAppliesFilter" name="test_json_wrapped_reply_unwrapped" time="0.000" /><testcase classname="tests.test_chat_language_meta.TestEngineAppliesFilter" name="test_fenced_json_reply_unwrapped" time="0.000" /><testcase classname="tests.test_chat_language_meta.TestEngineAppliesFilter" name="test_repetition_loop_tail_stripped" time="0.000" /><testcase classname="tests.test_chat_language_meta.TestEngineAppliesFilter" name="test_semantic_repetition_loop_collapsed" time="0.001" /><testcase classname="tests.test_chat_language_meta.TestEngineAppliesFilter" name="test_chat_turn_sends_repeat_penalty" time="0.000" /><testcase classname="tests.test_chat_language_meta.TestRepeatPenaltyPayload" name="test_repeat_penalty_sent_when_set" time="0.000" /><testcase classname="tests.test_chat_language_meta.TestRepeatPenaltyPayload" name="test_repeat_penalty_omitted_by_default" time="0.000" /><testcase classname="tests.test_chat_language_meta.TestMessageQuote" name="test_quote_round_trip" time="0.000" /><testcase classname="tests.test_chat_language_meta.TestMessageQuote" name="test_old_sessions_without_quote_load_as_none" time="0.000" /><testcase classname="tests.test_chat_language_meta.TestMessageQuote" name="test_quote_none_serializes" time="0.000" /><testcase classname="tests.test_chat_language_meta.TestEngineQuoteContext" name="test_quote_grounds_context_and_stores_on_message" time="0.000" /><testcase classname="tests.test_chat_language_meta.TestEngineQuoteContext" name="test_malformed_quote_dropped" time="0.000" /><testcase classname="tests.test_chat_language_meta.TestEngineQuoteContext" name="test_no_quote_no_context" time="0.000" /><testcase classname="tests.test_chat_language_meta.TestEngineQuoteContext" name="test_general_quote_without_scene_number" time="0.000" /><testcase classname="tests.test_chat_language_meta.TestModelFallback" name="test_pinned_model_missing_raises_by_default" time="0.004" /><testcase classname="tests.test_chat_language_meta.TestModelFallback" name="test_pinned_model_missing_falls_back_to_loaded" time="0.005" /><testcase classname="tests.test_chat_language_meta.TestGrounding" name="test_system_prompt_contains_grounding_rule" time="0.001" /><testcase classname="tests.test_chat_language_meta.TestGrounding" name="test_grounding_applies_to_all_personas" time="0.000" /><testcase classname="tests.test_chat_language_meta.TestCharacterSceneResolution" name="test_character_mention_resolves_to_their_scenes" time="0.001" /><testcase classname="tests.test_chat_language_meta.TestCharacterSceneResolution" name="test_case_insensitive_mention" time="0.000" /><testcase classname="tests.test_chat_language_meta.TestCharacterSceneResolution" name="test_extension_stripped_base_name_matches" time="0.000" /><testcase classname="tests.test_chat_language_meta.TestCharacterSceneResolution" name="test_explicit_scene_and_character_union" time="0.001" /><testcase classname="tests.test_chat_language_meta.TestCharacterSceneResolution" name="test_no_mention_no_injection" time="0.001" /><testcase classname="tests.test_chat_language_meta.TestCharacterSceneResolution" name="test_character_name_not_a_common_word_substring" time="0.000" /><testcase classname="tests.test_chat_language_meta.TestCharacterSceneResolution" name="test_nickname_resolves_to_full_name" time="0.001" /><testcase classname="tests.test_chat_language_meta.TestCharacterSceneResolution" name="test_plural_prefix_matches_underscore_name" time="0.000" /><testcase classname="tests.test_chat_language_meta.TestCharacterSceneResolution" name="test_short_prefix_matches_name" time="0.000" /><testcase classname="tests.test_chat_language_meta.TestCharacterSceneResolution" name="test_unrelated_word_does_not_fuzzy_match" time="0.000" /><testcase classname="tests.test_chat_language_meta.TestGroundReply" name="test_unknown_scene_flagged" time="0.000" /><testcase classname="tests.test_chat_language_meta.TestGroundReply" name="test_valid_scene_reference_untouched" time="0.000" /><testcase classname="tests.test_chat_language_meta.TestGroundReply" name="test_no_scene_reference_untouched" time="0.000" /><testcase classname="tests.test_compare.TestCompareModule" name="test_compare_drafts_aligned_rows" time="0.194" /><testcase classname="tests.test_compare.TestCompareModule" name="test_compare_kind_tags_cover_all_states" time="0.184" /><testcase classname="tests.test_compare.TestCompareModule" name="test_compare_unknown_draft_raises" time="0.116" /><testcase classname="tests.test_compare.TestCompareApi" name="test_compare_endpoint" time="0.181" /><testcase classname="tests.test_compare.TestCompareApi" name="test_compare_unknown_draft_400" time="0.017" /><testcase classname="tests.test_compare.TestCompareApi" name="test_compare_defaults_to_previous_draft" time="0.183" /><testcase classname="tests.test_continuity_idiolect" name="test_unmarked_time_flip_flagged" time="0.005" /><testcase classname="tests.test_continuity_idiolect" name="test_time_flip_cleared_by_marker" time="0.002" /><testcase classname="tests.test_continuity_idiolect" name="test_continuous_clears_boundary" time="0.005" /><testcase classname="tests.test_continuity_idiolect" name="test_character_name_variant_flagged" time="0.004" /><testcase classname="tests.test_continuity_idiolect" name="test_name_variant_sharing_scene_not_flagged" time="0.007" /><testcase classname="tests.test_continuity_idiolect" name="test_idiolect_shift_flagged" time="0.005" /><testcase classname="tests.test_continuity_idiolect" name="test_idiolect_consistent_not_flagged" time="0.004" /><testcase classname="tests.test_continuity_idiolect" name="test_tenglish_promise_extracted" time="0.005" /><testcase classname="tests.test_continuity_idiolect" name="test_telugu_promise_re_matches_known_forms" time="0.000" /><testcase classname="tests.test_delete_project.TestDeleteProject" name="test_delete_removes_project" time="0.016" /><testcase classname="tests.test_delete_project.TestDeleteProject" name="test_delete_twice_404" time="0.011" /><testcase classname="tests.test_delete_project.TestDeleteProject" name="test_unknown_project_404" time="0.003" /><testcase classname="tests.test_delete_project.TestDeleteProject" name="test_path_traversal_rejected" time="0.010" /><testcase classname="tests.test_delete_project.TestDeleteProject" name="test_other_projects_survive" time="0.026" /><testcase classname="tests.test_diff.TestSnapshotAndUpload" name="test_upload_new_draft_snapshots_and_reparses" time="0.211" /><testcase classname="tests.test_diff.TestSnapshotAndUpload" name="test_reparse_after_upload" time="0.140" /><testcase classname="tests.test_diff.TestSnapshotAndUpload" name="test_activate_draft_restores_files" time="0.181" /><testcase classname="tests.test_diff.TestSnapshotAndUpload" name="test_activate_unknown_draft_raises" time="0.209" /><testcase classname="tests.test_diff.TestStructuralDiff" name="test_scene_diff_detects_added_changed" time="0.203" /><testcase classname="tests.test_diff.TestStructuralDiff" name="test_findings_diff_marks_resolved" time="0.307" /><testcase classname="tests.test_diff.TestManifestDraftsPersistence" name="test_drafts_survive_reload" time="0.174" /><testcase classname="tests.test_diff.TestDraftApi" name="test_upload_draft_flow" time="0.204" /><testcase classname="tests.test_diff.TestDraftApi" name="test_diff_endpoint_after_draft" time="0.359" /><testcase classname="tests.test_diff.TestDraftApi" name="test_activate_draft_api" time="0.147" /><testcase classname="tests.test_diff.TestDraftApi" name="test_diff_requires_known_draft" time="0.016" /><testcase classname="tests.test_export.TestExportDispatch" name="test_supported_formats_exportable" time="0.003" /><testcase classname="tests.test_export.TestExportDispatch" name="test_unsupported_format_raises" time="0.003" /><testcase classname="tests.test_export.TestExportDispatch" name="test_export_to_path_writes_file" time="0.004" /><testcase classname="tests.test_export.TestFountainRoundTrip" name="test_round_trip_preserves_structure" time="0.004" /><testcase classname="tests.test_export.TestFountainRoundTrip" name="test_fountain_contains_title_page" time="0.003" /><testcase classname="tests.test_export.TestFountainRoundTrip" name="test_fountain_transitions_forced" time="0.003" /><testcase classname="tests.test_export.TestFdxRoundTrip" name="test_fdx_round_trip_is_exact" time="0.010" /><testcase classname="tests.test_export.TestFdxRoundTrip" name="test_fdx_is_valid_xml_with_paragraph_types" time="0.003" /><testcase classname="tests.test_export.TestFdxRoundTrip" name="test_edited_document_exports_and_reparses" time="0.008" /><testcase classname="tests.test_feature_batch" name="test_lock_for_is_stable_per_path" time="0.002" /><testcase classname="tests.test_feature_batch" name="test_store_save_serializes_concurrent_writers" time="0.147"><failure message="AssertionError: assert not [PermissionError(13, 'Access is denied'), PermissionError(13, 'Access is denied'), PermissionError(13, 'Access is denied')]">tmp_path = WindowsPath('C:/Users/Avinash-Pro/AppData/Local/Temp/pytest-of-Avinash-Pro/pytest-446/test_store_save_serializes_con0')

    def test_store_save_serializes_concurrent_writers(tmp_path):
        """Two threads saving the same session file must not tear it — every save
        lands as valid JSON under the per-path lock."""
        store = SessionStore(str(tmp_path))
        session = store.create("T")
        errors = []
    
        def hammer(n):
            try:
                for i in range(25):
                    session.title = f"T-{n}-{i}"
                    store.save(session)
                    loaded = store.load(session.session_id)  # must always parse
                    assert loaded.session_id == session.session_id
            except Exception as e:  # pragma: no cover
                errors.append(e)
    
        threads = [threading.Thread(target=hammer, args=(n,)) for n in range(4)]
        for t in threads:
            t.start()
        for t in threads:
            t.join()
&gt;       assert not errors
E       AssertionError: assert not [PermissionError(13, 'Access is denied'), PermissionError(13, 'Access is denied'), PermissionError(13, 'Access is denied')]

tests\test_feature_batch.py:57: AssertionError</failure></testcase><testcase classname="tests.test_feature_batch" name="test_chat_stream_parses_sse_and_returns_full_text" time="0.000" /><testcase classname="tests.test_feature_batch" name="test_chat_stream_busy_server_fails_fast" time="0.000" /><testcase classname="tests.test_feature_batch" name="test_engine_on_token_streams_raw_but_stores_clean_reply" time="0.000" /><testcase classname="tests.test_feature_batch" name="test_engine_without_chat_stream_falls_back_to_blocking_call" time="0.000" /><testcase classname="tests.test_feature_batch" name="test_sse_chat_stream_tokens_then_done" time="0.001" /><testcase classname="tests.test_feature_batch" name="test_sse_chat_stream_error_ends_the_stream" time="0.001" /><testcase classname="tests.test_feature_batch.TestRetryFailedEndpoint" name="test_requires_completed_analysis" time="0.022" /><testcase classname="tests.test_feature_batch.TestRetryFailedEndpoint" name="test_unknown_project_404" time="0.003" /><testcase classname="tests.test_feature_batch.TestRetryFailedEndpoint" name="test_manifest_summary_carries_failed_categories" time="0.004" /><testcase classname="tests.test_feature_batch.TestRetryFailedEndpoint" name="test_retry_runs_and_clears_failed_list" time="0.193" /><testcase classname="tests.test_feature_batch.TestFindingDismissal" name="test_dismiss_roundtrip_filters_fixqueue" time="0.203" /><testcase classname="tests.test_feature_batch.TestFindingDismissal" name="test_dismissal_survives_reload_and_matches_issue" time="0.218" /><testcase classname="tests.test_feature_batch.TestFindingDismissal" name="test_unknown_project_json_404" time="0.003" /><testcase classname="tests.test_feature_batch.TestZipBackup" name="test_backup_is_valid_zip_with_project_files" time="0.019" /><testcase classname="tests.test_feature_batch.TestZipBackup" name="test_backup_unknown_project_404" time="0.002" /><testcase classname="tests.test_feature_batch.TestInlineEditRidesApplyPath" name="test_single_replacement_through_edits_apply" time="0.027" /><testcase classname="tests.test_feedback_filter.TestFilterUnit" name="test_dialect_identification_dropped" time="0.000" /><testcase classname="tests.test_feedback_filter.TestFilterUnit" name="test_subtitle_accessibility_dropped" time="0.000" /><testcase classname="tests.test_feedback_filter.TestFilterUnit" name="test_code_switching_identification_dropped" time="0.000" /><testcase classname="tests.test_feedback_filter.TestFilterUnit" name="test_craft_finding_kept_even_with_dialect_quote" time="0.000" /><testcase classname="tests.test_feedback_filter.TestFilterUnit" name="test_voice_bleed_finding_kept" time="0.000" /><testcase classname="tests.test_feedback_filter.TestFilterUnit" name="test_character_voice_praise_kept" time="0.000" /><testcase classname="tests.test_feedback_filter.TestFilterUnit" name="test_language_barrier_as_story_element_kept" time="0.000" /><testcase classname="tests.test_feedback_filter.TestFilterUnit" name="test_filter_findings_drops_only_bad_ones" time="0.000" /><testcase classname="tests.test_feedback_filter.TestFilterUnit" name="test_filter_tolerates_garbage" time="0.000" /><testcase classname="tests.test_feedback_filter.TestFilterUnit" name="test_severity_missing_still_filtered" time="0.000" /><testcase classname="tests.test_feedback_filter.TestFilterAPI" name="test_report_served_sanitized" time="0.024" /><testcase classname="tests.test_feedback_filter.TestFilterAPI" name="test_fixqueue_served_sanitized" time="0.024" /><testcase classname="tests.test_feedback_filter.TestFilterAPI" name="test_stored_report_file_untouched" time="0.022" /><testcase classname="tests.test_feedback_filter.TestFilterInPipeline" name="test_analyze_drops_language_meta_findings" time="0.009" /><testcase classname="tests.test_fix_batch.TestResolveCategories" name="test_none_means_all" time="0.000" /><testcase classname="tests.test_fix_batch.TestResolveCategories" name="test_all_sentinel_tuple" time="0.000" /><testcase classname="tests.test_fix_batch.TestResolveCategories" name="test_explicit_subset_preserved" time="0.000" /><testcase classname="tests.test_fix_batch.TestResolveCategories" name="test_empty_tuple_means_nothing_extra" time="0.000" /><testcase classname="tests.test_fix_batch.TestResolveCategories" name="test_mixed_all_preserved_as_all" time="0.000" /><testcase classname="tests.test_fix_batch.TestCategoryOutcomes" name="test_outcomes_recorded_on_success" time="0.063" /><testcase classname="tests.test_fix_batch.TestRetryFailed" name="test_retry_failed_with_no_failures_is_noop" time="0.037" /><testcase classname="tests.test_fix_batch.TestRetryFailed" name="test_retry_failed_reruns_only_failed_and_merges" time="0.158" /><testcase classname="tests.test_fix_batch.TestRetryPrerequisiteGating" name="test_summaries_failure_marks_overview_gated_categories_failed" time="0.065" /><testcase classname="tests.test_fix_batch.TestRetryPrerequisiteGating" name="test_retry_after_summaries_failure_recovers" time="0.203" /><testcase classname="tests.test_fix_batch.TestRetryGenreNeedsCoverage" name="test_genre_failure_independent_of_coverage_recovers_on_retry" time="0.257" /><testcase classname="tests.test_fix_batch.TestRetryGenreNeedsCoverage" name="test_failed_retry_preserves_partial_record" time="0.263" /><testcase classname="tests.test_fix_batch.TestEngineDefensiveSave" name="test_send_message_saves_when_store_provided" time="0.099" /><testcase classname="tests.test_fix_batch.TestEngineDefensiveSave" name="test_send_message_without_store_still_works" time="0.008" /><testcase classname="tests.test_fix_batch" name="test_webapp_config_exposes_personas" time="0.003" /><testcase classname="tests.test_fix_batch" name="test_webapp_config_timeout_validation" time="0.002" /><testcase classname="tests.test_fix_batch" name="test_webapp_config_returns_copy_not_live_ref" time="0.002" /><testcase classname="tests.test_fixqueue.TestFixQueue" name="test_empty_before_analysis" time="0.017" /><testcase classname="tests.test_fixqueue.TestFixQueue" name="test_items_sorted_by_severity_then_act" time="0.202" /><testcase classname="tests.test_fixqueue.TestFixQueue" name="test_items_carry_act_and_status" time="0.190" /><testcase classname="tests.test_genre.TestConventionLookup" name="test_exact_genre" time="0.000" /><testcase classname="tests.test_genre.TestConventionLookup" name="test_case_and_whitespace" time="0.000" /><testcase classname="tests.test_genre.TestConventionLookup" name="test_substring_genre" time="0.000" /><testcase classname="tests.test_genre.TestConventionLookup" name="test_unknown_genre_falls_back" time="0.000" /><testcase classname="tests.test_genre.TestConventionLookup" name="test_empty_genre_falls_back" time="0.000" /><testcase classname="tests.test_genre.TestGenreInPipeline" name="test_analyze_includes_genre_findings" time="0.184" /><testcase classname="tests.test_genre.TestGenreInPipeline" name="test_report_has_genre_section" time="0.110" /><testcase classname="tests.test_grammar_compat" name="test_every_rule_is_single_line[findings_grammar]" time="0.000" /><testcase classname="tests.test_grammar_compat" name="test_every_rule_is_single_line[scene_summary_grammar]" time="0.000" /><testcase classname="tests.test_grammar_compat" name="test_every_rule_is_single_line[principle_judgment_grammar]" time="0.000" /><testcase classname="tests.test_grammar_compat" name="test_every_rule_is_single_line[replacements_grammar]" time="0.000" /><testcase classname="tests.test_grammar_compat" name="test_every_rule_is_single_line[logline_test_grammar]" time="0.000" /><testcase classname="tests.test_grammar_compat" name="test_every_rule_is_single_line[character_reads_grammar]" time="0.000" /><testcase classname="tests.test_grammar_compat" name="test_every_rule_is_single_line[coverage_grammar]" time="0.000" /><testcase classname="tests.test_grammar_compat" name="test_char_class_uses_compatible_form[findings_grammar]" time="0.000" /><testcase classname="tests.test_grammar_compat" name="test_char_class_uses_compatible_form[scene_summary_grammar]" time="0.000" /><testcase classname="tests.test_grammar_compat" name="test_char_class_uses_compatible_form[principle_judgment_grammar]" time="0.000" /><testcase classname="tests.test_grammar_compat" name="test_char_class_uses_compatible_form[replacements_grammar]" time="0.000" /><testcase classname="tests.test_grammar_compat" name="test_char_class_uses_compatible_form[logline_test_grammar]" time="0.000" /><testcase classname="tests.test_grammar_compat" name="test_char_class_uses_compatible_form[character_reads_grammar]" time="0.000" /><testcase classname="tests.test_grammar_compat" name="test_char_class_uses_compatible_form[coverage_grammar]" time="0.000" /><testcase classname="tests.test_grammar_compat" name="test_payload_disables_thinking_when_grammar_present" time="0.000" /><testcase classname="tests.test_grammar_compat" name="test_payload_keeps_thinking_when_no_grammar" time="0.000" /><testcase classname="tests.test_humanization_v2" name="test_sameer_bible_has_bio_stance_and_quirk_budget" time="0.000" /><testcase classname="tests.test_humanization_v2" name="test_doctor_bible_contrasts_and_register_rule" time="0.000" /><testcase classname="tests.test_humanization_v2" name="test_example_dialogue_carries_the_friction" time="0.000" /><testcase classname="tests.test_humanization_v2" name="test_bible_extensions_keep_pinned_anchors" time="0.000" /><testcase classname="tests.test_humanization_v2" name="test_doctor_never_emits_exclamation_marks" time="0.001" /><testcase classname="tests.test_humanization_v2" name="test_sameer_keeps_his_natural_register" time="0.000" /><testcase classname="tests.test_humanization_v2" name="test_engine_enforces_doctor_register_on_stored_reply" time="0.000" /><testcase classname="tests.test_humanization_v2" name="test_case_file_rides_consultant_turns_only" time="0.000" /><testcase classname="tests.test_humanization_v2" name="test_prompt_byte_identical_without_new_params" time="0.000" /><testcase classname="tests.test_humanization_v2" name="test_mood_fragment_reports_real_facts" time="0.004" /><testcase classname="tests.test_humanization_v2" name="test_case_file_patterns_across_scripts" time="0.050" /><testcase classname="tests.test_humanization_v2" name="test_case_file_excludes_current_project_and_empty_shelf" time="0.010" /><testcase classname="tests.test_humanization_v2" name="test_demo_replies_are_persona_distinct" time="0.001" /><testcase classname="tests.test_idea_room_v2" name="test_idea_context_is_current_page_and_isolated" time="0.084" /><testcase classname="tests.test_idea_room_v2" name="test_idea_prompt_forbids_recitation" time="0.000" /><testcase classname="tests.test_idea_room_v2" name="test_demo_idea_reply_probes_instead_of_parroting" time="0.001" /><testcase classname="tests.test_idea_room_v2.TestIdeaDeletion" name="test_delete_removes_idea_and_sessions" time="0.035" /><testcase classname="tests.test_idea_room_v2.TestIdeaDeletion" name="test_delete_unknown_idea_is_404" time="0.003" /><testcase classname="tests.test_idea_room_v2.TestIdeaDeletion" name="test_survivor_ideas_keep_their_chats" time="0.039" /><testcase classname="tests.test_idea_room_v3" name="test_start_resumes_latest_session" time="0.107" /><testcase classname="tests.test_idea_room_v3" name="test_page_update_note_diffs_lines" time="0.000" /><testcase classname="tests.test_idea_room_v3" name="test_turn_persists_baseline_and_next_turn_gets_diff" time="0.092" /><testcase classname="tests.test_idea_room_v3" name="test_prompt_carries_update_block" time="0.001" /><testcase classname="tests.test_idea_room_v3" name="test_demo_reacts_to_added_line_not_generic_probe" time="0.001" /><testcase classname="tests.test_ideas.TestIdeaStore" name="test_create_list_save_card" time="0.017" /><testcase classname="tests.test_ideas.TestIdeaStore" name="test_delete" time="0.004" /><testcase classname="tests.test_ideas.TestIdeaStore" name="test_carry_into_project" time="0.014" /><testcase classname="tests.test_ideas.TestIdeaPage" name="test_save_content_auto_titles_from_first_line" time="0.012" /><testcase classname="tests.test_ideas.TestIdeaPage" name="test_rename_stops_auto_title" time="0.017" /><testcase classname="tests.test_ideas.TestIdeaPage" name="test_carry_into_project_includes_page_content" time="0.016" /><testcase classname="tests.test_ideas.TestIdeaPrompt" name="test_premise_framing" time="0.000" /><testcase classname="tests.test_ideas.TestIdeaPrompt" name="test_script_prompt_unchanged_without_premise" time="0.000" /><testcase classname="tests.test_ideas.TestIdeaPrompt" name="test_idea_persona_and_mode_exist" time="0.000" /><testcase classname="tests.test_ideas.TestIdeaPrompt" name="test_page_content_framed_in_prompt" time="0.000" /><testcase classname="tests.test_ideas.TestIdeaPrompt" name="test_page_content_capped" time="0.000" /><testcase classname="tests.test_ideas.TestIdeaApi" name="test_lifecycle" time="0.097" /><testcase classname="tests.test_ideas.TestIdeaApi" name="test_unknown_idea_404s" time="0.004" /><testcase classname="tests.test_ideas.TestIdeaApi" name="test_content_and_rename_api" time="0.026" /><testcase classname="tests.test_ideas.TestIdeaApi" name="test_graduate_idea" time="0.052" /><testcase classname="tests.test_ideas.TestIdeaApi" name="test_save_project_premise" time="0.024" /><testcase classname="tests.test_indian_languages" name="test_tenglish_fixture_parses_all_scenes" time="0.001" /><testcase classname="tests.test_indian_languages" name="test_tenglish_fixture_characters" time="0.001" /><testcase classname="tests.test_indian_languages" name="test_tenglish_time_markers_are_not_character_cues" time="0.001" /><testcase classname="tests.test_indian_languages" name="test_tenglish_dialogue_is_attributed" time="0.001" /><testcase classname="tests.test_indian_languages" name="test_hindi_scene_headings" time="0.000" /><testcase classname="tests.test_indian_languages" name="test_hindi_heading_int_ext_values" time="0.000" /><testcase classname="tests.test_indian_languages" name="test_hindi_full_parse" time="0.005" /><testcase classname="tests.test_indian_languages" name="test_hindi_cue_heuristics" time="0.000" /><testcase classname="tests.test_indian_languages" name="test_tamil_scene_headings" time="0.000" /><testcase classname="tests.test_indian_languages" name="test_tamil_heading_int_ext_values" time="0.000" /><testcase classname="tests.test_indian_languages" name="test_tamil_full_parse" time="0.005" /><testcase classname="tests.test_indian_languages" name="test_roman_cue_rejects_underscore_time_marker" time="0.000" /><testcase classname="tests.test_language_and_human_levers" name="test_detect_telugu_script" time="0.000" /><testcase classname="tests.test_language_and_human_levers" name="test_detect_hindi_script" time="0.000" /><testcase classname="tests.test_language_and_human_levers" name="test_detect_tenglish" time="0.000" /><testcase classname="tests.test_language_and_human_levers" name="test_detect_hinglish" time="0.000" /><testcase classname="tests.test_language_and_human_levers" name="test_detect_english_is_none" time="0.000" /><testcase classname="tests.test_language_and_human_levers" name="test_mirror_instruction_content_and_english_absent" time="0.000" /><testcase classname="tests.test_language_and_human_levers" name="test_post_history_reminder_is_final_message" time="0.000" /><testcase classname="tests.test_language_and_human_levers" name="test_first_line_anchor_only_on_empty_history" time="0.000" /><testcase classname="tests.test_language_and_human_levers" name="test_trait_reminder_injected_at_depth" time="0.000" /><testcase classname="tests.test_language_and_human_levers" name="test_fewshot_examples_dropped_when_over_budget" time="0.000" /><testcase classname="tests.test_language_and_human_levers" name="test_chat_sampling_is_warm" time="0.000" /><testcase classname="tests.test_language_and_human_levers" name="test_demo_tenglish_reply" time="0.000" /><testcase classname="tests.test_language_and_human_levers" name="test_demo_telugu_script_reply" time="0.000" /><testcase classname="tests.test_language_and_human_levers" name="test_demo_hindi_reply" time="0.000" /><testcase classname="tests.test_language_and_human_levers" name="test_demo_doctor_tenglish" time="0.000" /><testcase classname="tests.test_language_and_human_levers" name="test_demo_english_unchanged" time="0.000" /><testcase classname="tests.test_language_and_human_levers" name="test_utf8_roundtrip_through_session_store" time="0.009" /><testcase classname="tests.test_llm_client" name="test_busy_400_with_busy_body_retries_then_succeeds" time="0.001" /><testcase classname="tests.test_llm_client" name="test_503_retries" time="0.001" /><testcase classname="tests.test_llm_client" name="test_400_without_busy_body_does_not_retry" time="0.000" /><testcase classname="tests.test_llm_client" name="test_exhausts_retries_raises" time="0.001" /><testcase classname="tests.test_llm_client" name="test_resolve_model_fallback_to_loaded" time="0.000" /><testcase classname="tests.test_llm_client" name="test_chat_stream_decodes_utf8_not_latin1" time="0.523" /><testcase classname="tests.test_metrics" name="test_record_analysis_and_summary" time="0.021" /><testcase classname="tests.test_metrics" name="test_findings_per_fix" time="0.006" /><testcase classname="tests.test_metrics" name="test_reply_samples_capped" time="0.161" /><testcase classname="tests.test_metrics" name="test_persists_to_project_dir" time="0.006" /><testcase classname="tests.test_metrics" name="test_summarize_empty" time="0.002" /><testcase classname="tests.test_negative.TestAnalyzeFailureIsolation" name="test_analyze_failure_does_not_lose_parse_progress" time="2.202" /><testcase classname="tests.test_negative.TestAnalyzeFailureIsolation" name="test_can_retry_analyze_after_fixing_server" time="2.316" /><testcase classname="tests.test_negative.TestOutOfOrderStages" name="test_analyze_before_parse_raises_clear_error" time="0.005" /><testcase classname="tests.test_negative.TestOutOfOrderStages" name="test_chat_before_parse_raises_clear_error" time="0.005" /><testcase classname="tests.test_negative.TestOutOfOrderStages" name="test_chat_works_even_if_analyze_never_ran" time="0.043" /><testcase classname="tests.test_negative.TestCorruptState" name="test_load_nonexistent_project_raises_clear_error" time="0.002" /><testcase classname="tests.test_negative.TestCorruptState" name="test_corrupt_manifest_json_raises_clear_error" time="0.007" /><testcase classname="tests.test_negative.TestCorruptState" name="test_missing_source_file_raises_clear_error" time="0.003" /><testcase classname="tests.test_negative.TestCorruptState" name="test_corrupt_parsed_json_causes_analyze_to_fail_cleanly" time="0.014" /><testcase classname="tests.test_negative.TestUnsupportedSourceFormat" name="test_unsupported_extension_fails_parse_cleanly" time="0.006" /><testcase classname="tests.test_neutral_edge.TestModelInheritanceAcrossStages" name="test_chat_inherits_model_analyze_used" time="0.176" /><testcase classname="tests.test_neutral_edge.TestPartialCategorySelection" name="test_only_run_specific_categories" time="0.033" /><testcase classname="tests.test_neutral_edge.TestReRunningCompletedProject" name="test_run_full_twice_is_idempotent" time="0.140" /><testcase classname="tests.test_neutral_edge.TestChatSessionReuse" name="test_starting_chat_twice_reuses_same_session" time="0.208" /><testcase classname="tests.test_neutral_edge.TestTitleHandling" name="test_default_title_derived_from_filename" time="0.004" /><testcase classname="tests.test_neutral_edge.TestTitleHandling" name="test_explicit_title_overrides_default" time="0.003" /><testcase classname="tests.test_notes.TestNotesModule" name="test_add_and_load" time="0.015" /><testcase classname="tests.test_notes.TestNotesModule" name="test_update_and_delete" time="0.017" /><testcase classname="tests.test_notes.TestNotesModule" name="test_anchored_note" time="0.015" /><testcase classname="tests.test_notes.TestNotesModule" name="test_blank_text_rejected" time="0.003" /><testcase classname="tests.test_notes.TestNotesModule" name="test_bad_scene_number_rejected" time="0.004" /><testcase classname="tests.test_notes.TestNotesModule" name="test_survives_reparse" time="0.009" /><testcase classname="tests.test_notes.TestNotesAPI" name="test_crud_flow" time="0.032" /><testcase classname="tests.test_notes.TestNotesAPI" name="test_anchored_note_via_api" time="0.020" /><testcase classname="tests.test_notes.TestNotesAPI" name="test_missing_text_400" time="0.016" /><testcase classname="tests.test_notes.TestNotesAPI" name="test_unknown_note_404" time="0.018" /><testcase classname="tests.test_notes.TestNotesAPI" name="test_unknown_project_404" time="0.003" /><testcase classname="tests.test_pacing_dials_track" name="test_pace_index_reports_all_scenes" time="0.006" /><testcase classname="tests.test_pacing_dials_track" name="test_pace_drag_flagging_never_exceeds_cap" time="0.009" /><testcase classname="tests.test_pacing_dials_track" name="test_drag_findings_are_structured" time="0.002" /><testcase classname="tests.test_pacing_dials_track" name="test_dials_parse_scores_and_refs" time="0.000" /><testcase classname="tests.test_pacing_dials_track" name="test_dials_clamp_scores_and_skip_bad_rows" time="0.000" /><testcase classname="tests.test_pacing_dials_track" name="test_dials_respect_cast_cap" time="0.000" /><testcase classname="tests.test_pacing_dials_track" name="test_dials_grammar_renders" time="0.000" /><testcase classname="tests.test_pacing_dials_track" name="test_report_json_carries_pacing_and_dials" time="0.004" /><testcase classname="tests.test_pacing_dials_track" name="test_character_track_assembles_from_kg_and_report" time="0.010" /><testcase classname="tests.test_pacing_dials_track" name="test_character_track_ranks_main_first_and_tolerates_missing_report" time="0.005" /><testcase classname="tests.test_pacing_dials_track" name="test_character_track_tolerates_missing_kg" time="0.002" /><testcase classname="tests.test_pacing_dials_track" name="test_characters_route" time="0.012" /><testcase classname="tests.test_pdf_fixture" name="test_fixture_exists" time="0.000" /><testcase classname="tests.test_pdf_fixture" name="test_unrecoverable_pdf_does_not_crash" time="0.104" /><testcase classname="tests.test_pdf_fixture" name="test_unrecoverable_pdf_gives_actionable_error" time="0.104" /><testcase classname="tests.test_pdf_layout" name="test_collapse_doubled_line_handles_single_space" time="0.000" /><testcase classname="tests.test_pdf_layout" name="test_page_number_footers_dropped" time="0.000" /><testcase classname="tests.test_pdf_layout" name="test_unmapped_glyph_normalized_to_apostrophe" time="0.000" /><testcase classname="tests.test_pdf_layout" name="test_layout_bands_relative_to_page_width" time="0.000" /><testcase classname="tests.test_pdf_layout" name="test_dialogue_closes_when_action_resumes_at_left_margin" time="0.000" /><testcase classname="tests.test_pdf_layout" name="test_centered_cue_mid_dialogue_stream_becomes_new_character" time="0.000" /><testcase classname="tests.test_pdf_layout" name="test_right_aligned_lines_become_transition_and_merge" time="0.000" /><testcase classname="tests.test_pdf_layout" name="test_time_marker_is_transition_not_action" time="0.000" /><testcase classname="tests.test_pdf_layout" name="test_multi_line_parenthetical_stays_attributed" time="0.000" /><testcase classname="tests.test_pdf_layout" name="test_contd_cue_with_curly_apostrophe" time="0.000" /><testcase classname="tests.test_pdf_layout" name="test_nonstandard_cue_extension_is_still_a_cue" time="0.000" /><testcase classname="tests.test_pdf_layout" name="test_cut_style_and_montage_markers_are_transitions" time="0.000" /><testcase classname="tests.test_pdf_layout" name="test_the_end_is_a_transition_not_a_character" time="0.000" /><testcase classname="tests.test_pdf_layout" name="test_recoverable_pdf_fixture_parses_correctly" time="0.122" /><testcase classname="tests.test_pdf_ocr" name="test_ocr_path_reads_the_fixture_pdf" time="0.605" /><testcase classname="tests.test_pdf_ocr" name="test_ocr_warning_mentions_ocr" time="0.338" /><testcase classname="tests.test_pdf_ocr" name="test_no_engine_still_gives_actionable_error" time="0.098" /><testcase classname="tests.test_pdf_ocr" name="test_render_does_not_require_pil" time="0.055" /><testcase classname="tests.test_peer_guardrails" name="test_classify_question_by_question_mark" time="0.000" /><testcase classname="tests.test_peer_guardrails" name="test_classify_question_by_start_word" time="0.000" /><testcase classname="tests.test_peer_guardrails" name="test_classify_directive" time="0.000" /><testcase classname="tests.test_peer_guardrails" name="test_classify_plain_statement_as_idea" time="0.000" /><testcase classname="tests.test_peer_guardrails" name="test_embedded_reasoning_detected" time="0.000" /><testcase classname="tests.test_peer_guardrails" name="test_should_probe_only_when_reasoning_absent" time="0.000" /><testcase classname="tests.test_peer_guardrails" name="test_probe_prompt_forbids_suggestions" time="0.000" /><testcase classname="tests.test_peer_guardrails" name="test_forward_reply_left_untouched" time="0.000" /><testcase classname="tests.test_peer_guardrails" name="test_stranded_reply_gets_nudge_for_idea_turn" time="0.000" /><testcase classname="tests.test_peer_guardrails" name="test_no_nudge_for_factual_answer" time="0.000" /><testcase classname="tests.test_peer_guardrails" name="test_short_factual_turn_still_gets_nudge" time="0.000" /><testcase classname="tests.test_peer_guardrails" name="test_nudges_rotate_no_repeat_back_to_back" time="0.000" /><testcase classname="tests.test_peer_guardrails" name="test_cap_leaves_single_suggestion_alone" time="0.000" /><testcase classname="tests.test_peer_guardrails" name="test_cap_trims_overflow_and_offers_choice" time="0.000" /><testcase classname="tests.test_peer_guardrails" name="test_cap_no_bullets_untouched" time="0.000" /><testcase classname="tests.test_peer_guardrails" name="test_writing_partner_persona_exists_and_is_default" time="0.000" /><testcase classname="tests.test_peer_guardrails" name="test_peer_mode_is_default_and_informed_partner_locked" time="0.000" /><testcase classname="tests.test_peer_guardrails" name="test_legacy_personas_still_present" time="0.000" /><testcase classname="tests.test_peer_guardrails" name="test_branch_awaiting_probe_default_false" time="0.000" /><testcase classname="tests.test_peer_guardrails" name="test_awaiting_probe_round_trips_through_dict" time="0.000" /><testcase classname="tests.test_peer_guardrails" name="test_new_branch_defaults_to_writing_partner_peer" time="0.000" /><testcase classname="tests.test_peer_guardrails" name="test_idea_without_reasoning_probes_first_and_defers_suggestions" time="0.000" /><testcase classname="tests.test_peer_guardrails" name="test_idea_with_reasoning_gets_full_turn" time="0.000" /><testcase classname="tests.test_peer_guardrails" name="test_probe_abandoned_on_topic_change" time="0.000" /><testcase classname="tests.test_peer_guardrails" name="test_probe_continuation_clears_flag_and_answers" time="0.000" /><testcase classname="tests.test_peer_guardrails" name="test_suggestion_cap_applied_to_full_turn" time="0.000" /><testcase classname="tests.test_peer_guardrails" name="test_dead_end_nudge_applied_when_needed" time="0.000" /><testcase classname="tests.test_peer_guardrails" name="test_direct_question_gets_clean_answer_no_nudge" time="0.000" /><testcase classname="tests.test_persona_humanization.TestSharedVoiceRules" name="test_voice_rules_ride_every_human_persona" time="0.000" /><testcase classname="tests.test_persona_humanization.TestSharedVoiceRules" name="test_no_persona_breaks_the_fiction" time="0.000" /><testcase classname="tests.test_persona_humanization.TestSameerVoice" name="test_sam_keeps_his_examples_and_guards" time="0.000" /><testcase classname="tests.test_persona_humanization.TestSameerVoice" name="test_sam_humor_dimension" time="0.000" /><testcase classname="tests.test_persona_humanization.TestDoctorVoice" name="test_script_consultant_has_voice_and_wit" time="0.000" /><testcase classname="tests.test_persona_humanization.TestDoctorVoice" name="test_premise_doctor_has_voice_and_examples" time="0.000" /><testcase classname="tests.test_persona_humanization.TestDoctorVoice" name="test_doctor_personas_stay_in_role" time="0.000" /><testcase classname="tests.test_persona_humanization.TestRuleBlock" name="test_voice_rules_block_shape" time="0.000" /><testcase classname="tests.test_positive.TestFullPipeline" name="test_parse_stage_produces_expected_files" time="0.014" /><testcase classname="tests.test_positive.TestFullPipeline" name="test_analyze_stage_produces_report" time="0.242" /><testcase classname="tests.test_positive.TestFullPipeline" name="test_chat_stage_grounds_in_report" time="0.159" /><testcase classname="tests.test_positive.TestFullPipeline" name="test_run_full_convenience_method" time="0.094" /><testcase classname="tests.test_positive.TestFullPipeline" name="test_run_full_with_chat" time="0.168" /><testcase classname="tests.test_positive.TestManifestPersistence" name="test_manifest_reload_preserves_all_stage_status" time="0.224" /><testcase classname="tests.test_positive.TestManifestPersistence" name="test_resume_skips_already_complete_stages" time="0.013" /><testcase classname="tests.test_preview_lab.TestPreviewShelf" name="test_shelf_lists_real_projects" time="0.165" /><testcase classname="tests.test_preview_lab.TestPreviewShelf" name="test_shelf_reports_findings_presence" time="0.190" /><testcase classname="tests.test_preview_lab.TestPreviewData" name="test_data_serves_real_parse" time="0.123" /><testcase classname="tests.test_preview_lab.TestPreviewData" name="test_data_findings_when_analyzed" time="0.199" /><testcase classname="tests.test_preview_lab.TestPreviewData" name="test_data_404_on_unknown" time="0.171" /><testcase classname="tests.test_preview_lab.TestPreviewChat" name="test_chat_round_trip" time="0.136" /><testcase classname="tests.test_preview_lab.TestPreviewChat" name="test_lab_session_isolated_from_manifest" time="0.178" /><testcase classname="tests.test_preview_lab.TestPreviewChat" name="test_clear_starts_over" time="0.282" /><testcase classname="tests.test_preview_lab.TestPreviewChat" name="test_empty_message_rejected" time="0.092" /><testcase classname="tests.test_preview_lab.TestPreviewChat" name="test_chat_404_on_unknown_project" time="0.128" /><testcase classname="tests.test_preview_lab.TestPreviewVerbs" name="test_dismiss_round_trip_via_real_routes" time="0.227" /><testcase classname="tests.test_prompt_extensions" name="test_structure_prompt_has_checkpoints" time="0.000" /><testcase classname="tests.test_prompt_extensions" name="test_scene_function_prompt_has_stakes" time="0.000" /><testcase classname="tests.test_prompt_extensions" name="test_dialogue_prompt_has_idiolect_instruction" time="0.000" /><testcase classname="tests.test_prompt_extensions" name="test_pipeline_runs_continuity_stage" time="0.000" /><testcase classname="tests.test_prompt_extensions" name="test_grammar_allows_continuity_category" time="0.000" /><testcase classname="tests.test_report_export_progress.TestReportExport" name="test_export_requires_analysis" time="0.021" /><testcase classname="tests.test_report_export_progress.TestReportExport" name="test_export_is_styled_html" time="0.179" /><testcase classname="tests.test_report_export_progress.TestProgress" name="test_progress_idle_before_analysis" time="0.016" /><testcase classname="tests.test_report_export_progress.TestProgress" name="test_progress_complete_after_analysis" time="0.134" /><testcase classname="tests.test_report_export_progress.TestProgress" name="test_progress_file_written" time="0.224" /><testcase classname="tests.test_report_language" name="test_english_adds_nothing" time="0.000" /><testcase classname="tests.test_report_language" name="test_language_instruction_present[tenglish-Tenglish]" time="0.000" /><testcase classname="tests.test_report_language" name="test_language_instruction_present[hindi-Devanagari]" time="0.000" /><testcase classname="tests.test_report_language" name="test_language_instruction_present[tamil-Tamil script]" time="0.000" /><testcase classname="tests.test_report_language" name="test_dialogue_prompt_carries_language" time="0.000" /><testcase classname="tests.test_report_language" name="test_coverage_prompt_carries_language" time="0.000" /><testcase classname="tests.test_report_language" name="test_all_categories_accept_language" time="0.000" /><testcase classname="tests.test_report_language" name="test_summaries_sent_in_report_language" time="0.001" /><testcase classname="tests.test_report_language" name="test_coverage_sent_in_report_language" time="0.001" /><testcase classname="tests.test_report_language" name="test_analyze_accepts_report_language" time="0.171" /><testcase classname="tests.test_report_language" name="test_report_language_defaults_to_english" time="0.015" /><testcase classname="tests.test_report_language" name="test_report_language_persists_on_reanalyze" time="0.310" /><testcase classname="tests.test_report_language" name="test_report_language_in_project_summary" time="0.165" /><testcase classname="tests.test_revision.TestWorkingCopy" name="test_ensure_working_copies_parse" time="0.010" /><testcase classname="tests.test_revision.TestWorkingCopy" name="test_has_edits_false_without_edits" time="0.009" /><testcase classname="tests.test_revision.TestWorkingCopy" name="test_reset_removes_working_copy" time="0.009" /><testcase classname="tests.test_revision.TestWorkingCopy" name="test_working_copy_self_heals_after_reparse" time="0.031" /><testcase classname="tests.test_revision.TestWorkingCopy" name="test_working_copy_preserved_when_edits_exist" time="0.036" /><testcase classname="tests.test_revision.TestApplyReplacements" name="test_exact_match_applied" time="0.010" /><testcase classname="tests.test_revision.TestApplyReplacements" name="test_fuzzy_match_applied" time="0.011" /><testcase classname="tests.test_revision.TestApplyReplacements" name="test_missing_line_skipped" time="0.012" /><testcase classname="tests.test_revision.TestApplyReplacements" name="test_duplicate_line_ambiguous_skipped" time="0.010" /><testcase classname="tests.test_revision.TestApplyReplacements" name="test_multiline_old_skipped" time="0.010" /><testcase classname="tests.test_revision.TestRewriteScene" name="test_rewrite_proposes_replacements" time="0.046" /><testcase classname="tests.test_revision.TestRewriteScene" name="test_rewrite_does_not_apply" time="0.039" /><testcase classname="tests.test_revision.TestFindingStatuses" name="test_addressed_when_quote_edited_out" time="0.178" /><testcase classname="tests.test_revision.TestFindingStatuses" name="test_still_present_when_quote_untouched" time="0.139" /><testcase classname="tests.test_revision.TestFindingStatuses" name="test_unknown_for_quote_less_findings" time="0.175" /><testcase classname="tests.test_revision.TestFindingStatuses" name="test_statuses_empty_when_no_report" time="0.008" /><testcase classname="tests.test_runtime.TestSceneEstimates" name="test_every_scene_has_an_estimate" time="0.001" /><testcase classname="tests.test_runtime.TestSceneEstimates" name="test_words_track_dialogue_plus_action" time="0.001" /><testcase classname="tests.test_runtime.TestSceneEstimates" name="test_minutes_formula" time="0.001" /><testcase classname="tests.test_runtime.TestSceneEstimates" name="test_total_runtime_in_stats" time="0.001" /><testcase classname="tests.test_runtime.TestSceneEstimates" name="test_short_scene_has_floor" time="0.001" /><testcase classname="tests.test_runtime.TestRuntimeAPI" name="test_script_response_carries_estimates" time="0.027" /><testcase classname="tests.test_sample.TestSampleContent" name="test_sample_parses_cleanly" time="0.003" /><testcase classname="tests.test_sample.TestSampleContent" name="test_sample_has_dialogue_and_actions" time="0.003" /><testcase classname="tests.test_sample.TestSampleApi" name="test_create_sample_project" time="0.015" /><testcase classname="tests.test_sample.TestSampleApi" name="test_sample_is_idempotent" time="0.014" /><testcase classname="tests.test_selection_translate_sloppiness" name="test_idea_blocking_route_accepts_quote" time="0.092" /><testcase classname="tests.test_selection_translate_sloppiness" name="test_quote_wording_follows_the_room" time="0.001" /><testcase classname="tests.test_selection_translate_sloppiness" name="test_answer_first_in_prompt_for_direct_question" time="0.039" /><testcase classname="tests.test_selection_translate_sloppiness" name="test_translate_ephemeral_on_idea_session" time="0.107" /><testcase classname="tests.test_selection_translate_sloppiness" name="test_translate_rejects_bad_index_and_user_role" time="0.096" /><testcase classname="tests.test_selection_translate_sloppiness" name="test_demo_glossary_translates_known_templates" time="0.000" /><testcase classname="tests.test_setup_payoff" name="test_seed_candidates_from_kg" time="0.002" /><testcase classname="tests.test_setup_payoff" name="test_ledger_cleans_and_sorts" time="0.002" /><testcase classname="tests.test_setup_payoff" name="test_ledger_error_surfaces" time="0.002" /><testcase classname="tests.test_setup_payoff" name="test_dangling_findings_deduped" time="0.000" /><testcase classname="tests.test_setup_payoff" name="test_grammar_covers_statuses" time="0.000" /><testcase classname="tests.test_setup_payoff" name="test_pipeline_integration" time="0.006" /><testcase classname="tests.test_sidebar_translate_stt" name="test_translate_default_is_english" time="0.089" /><testcase classname="tests.test_sidebar_translate_stt" name="test_translate_unknown_target_rejected" time="0.055" /><testcase classname="tests.test_sidebar_translate_stt" name="test_translate_to_telugu_and_tenglish" time="0.003" /><testcase classname="tests.test_sidebar_translate_stt" name="test_translate_endpoint_forwards_target" time="0.082" /><testcase classname="tests.test_sidebar_translate_stt" name="test_stt_requires_audio_part" time="0.003" /><testcase classname="tests.test_sidebar_translate_stt" name="test_stt_bad_language_rejected" time="0.003" /><testcase classname="tests.test_sidebar_translate_stt" name="test_stt_engine_missing_actionable_503" time="0.004" /><testcase classname="tests.test_sidebar_translate_stt" name="test_stt_happy_path_with_fake_model" time="0.004" /><testcase classname="tests.test_sidebar_translate_stt" name="test_stt_empty_forced_language_retries_auto" time="0.003" /><testcase classname="tests.test_sidebar_translate_stt" name="test_stt_genuinely_silent_audio_stays_empty" time="0.004" /><testcase classname="tests.test_sidebar_translate_stt" name="test_stt_languages_listing" time="0.002" /><testcase classname="tests.test_sidebar_translate_stt" name="test_external_whisper_url_must_be_local" time="0.000" /><testcase classname="tests.test_sidebar_translate_stt" name="test_transcribe_validates_input" time="0.000" /><testcase classname="tests.test_sidebar_translate_stt" name="test_env_demo_model_survives_module_launch" time="0.003" /><testcase classname="tests.test_sidebar_translate_stt" name="test_plain_module_launch_keeps_server_arg" time="0.002" /><testcase classname="tests.test_stash" name="test_add_load_remove_roundtrip" time="0.018" /><testcase classname="tests.test_stash" name="test_add_requires_text" time="0.002" /><testcase classname="tests.test_stash" name="test_load_tolerates_missing_or_bad_file" time="0.005" /><testcase classname="tests.test_stash" name="test_stash_routes" time="0.017" /><testcase classname="tests.test_stress.TestFullPipelineAtScale" name="test_50_scene_script_full_pipeline_with_timing" time="0.398" /><testcase classname="tests.test_stress.TestManyForksAcrossOrchestratedSession" name="test_orchestrated_session_supports_forking_normally" time="0.322" /><testcase classname="tests.test_structure.TestActs" name="test_three_acts_in_order" time="0.003" /><testcase classname="tests.test_structure.TestActs" name="test_short_script_all_in_act_one" time="0.003" /><testcase classname="tests.test_structure.TestActs" name="test_act_for_scene" time="0.003" /><testcase classname="tests.test_structure.TestActs" name="test_pages_monotonic" time="0.004" /><testcase classname="tests.test_structure.TestPacing" name="test_segments_cover_script" time="0.003" /><testcase classname="tests.test_structure.TestPacing" name="test_dialogue_words_detected" time="0.003" /><testcase classname="tests.test_structure.TestCharacterArc" name="test_presence_facts" time="0.003" /><testcase classname="tests.test_structure.TestCharacterArc" name="test_sorted_by_presence" time="0.003" /><testcase classname="tests.test_two_tier_watchdog" name="test_fast_tier_routes_to_fast_model" time="0.001" /><testcase classname="tests.test_two_tier_watchdog" name="test_fast_tier_defaults_to_main_model_without_fast_model" time="0.001" /><testcase classname="tests.test_two_tier_watchdog" name="test_fast_tier_unloaded_fast_model_falls_back" time="0.001" /><testcase classname="tests.test_two_tier_watchdog" name="test_fast_tier_strict_raises_when_fast_model_missing" time="0.001" /><testcase classname="tests.test_two_tier_watchdog" name="test_summaries_route_to_fast_tier" time="0.001" /><testcase classname="tests.test_two_tier_watchdog" name="test_logline_test_routes_to_fast_tier" time="0.000" /><testcase classname="tests.test_two_tier_watchdog" name="test_character_reads_route_to_fast_tier" time="0.001" /><testcase classname="tests.test_two_tier_watchdog" name="test_deep_stages_do_not_use_fast_tier" time="0.004" /><testcase classname="tests.test_two_tier_watchdog" name="test_chat_timeout_raises_watchdog_timeout_error" time="0.000" /><testcase classname="tests.test_two_tier_watchdog" name="test_watchdog_timeout_error_is_a_llama_server_error" time="0.000" /><testcase classname="tests.test_two_tier_watchdog" name="test_config_roundtrips_fast_model_and_turn_timeout" time="0.003" /><testcase classname="tests.test_two_tier_watchdog" name="test_chat_route_408_on_watchdog_timeout" time="0.040" /><testcase classname="tests.test_two_tier_watchdog" name="test_chat_route_still_502_on_other_errors" time="0.057" /><testcase classname="tests.test_undo_redo.TestUndoRedoModule" name="test_undo_restores_and_redo_reapplies" time="0.028" /><testcase classname="tests.test_undo_redo.TestUndoRedoModule" name="test_undo_with_nothing_raises" time="0.007" /><testcase classname="tests.test_undo_redo.TestUndoRedoModule" name="test_fresh_edit_clears_redo" time="0.019" /><testcase classname="tests.test_undo_redo.TestUndoRedoModule" name="test_reset_clears_redo_stack" time="0.015" /><testcase classname="tests.test_undo_redo.TestUndoRedoModule" name="test_undo_record_has_id" time="0.012" /><testcase classname="tests.test_undo_redo.TestUndoRedoAPI" name="test_undo_redo_flow" time="0.029" /><testcase classname="tests.test_undo_redo.TestUndoRedoAPI" name="test_undo_empty_returns_400" time="0.016" /><testcase classname="tests.test_undo_redo.TestUndoRedoAPI" name="test_unknown_project_404" time="0.003" /><testcase classname="tests.test_voice_subtext.TestVoiceBleed" name="test_identical_voices_flagged" time="0.006" /><testcase classname="tests.test_voice_subtext.TestVoiceBleed" name="test_distinct_voices_not_flagged" time="0.002" /><testcase classname="tests.test_voice_subtext.TestVoiceBleed" name="test_threshold_sanity" time="0.002" /><testcase classname="tests.test_voice_subtext.TestVoiceBleed" name="test_voice_analysis_skips_underdeveloped_characters" time="0.002" /><testcase classname="tests.test_voice_subtext.TestSubtext" name="test_on_the_nose_lines_flagged" time="0.002" /><testcase classname="tests.test_voice_subtext.TestSubtext" name="test_no_false_positives_on_normal_dialogue" time="0.002" /><testcase classname="tests.test_voice_subtext.TestNormalization" name="test_missing_severity_and_category_filled" time="0.000" /><testcase classname="tests.test_voice_subtext.TestNormalization" name="test_non_dict_entries_dropped" time="0.000" /><testcase classname="tests.test_voice_subtext.TestNormalization" name="test_dialogue_analysis_normalizes_output" time="0.002" /><testcase classname="tests.test_voice_subtext.TestBudgetChunking" name="test_budget_splits_large_scenes" time="0.000" /><testcase classname="tests.test_voice_subtext.TestBudgetChunking" name="test_small_scenes_stay_at_cap" time="0.000" /><testcase classname="tests.test_voice_subtext.TestCraftPassesInsideAnalyze" name="test_voice_findings_flow_into_analyze_result" time="0.007" /><testcase classname="tests.test_voice_subtext.TestCraftPassesInsideAnalyze" name="test_subtext_findings_flow_into_analyze_result" time="0.006" /><testcase classname="tests.test_voice_subtext.TestContextHardening" name="test_scene_text_capped_for_model" time="0.000" /><testcase classname="tests.test_voice_subtext.TestContextHardening" name="test_scene_full_text_capped" time="0.002" /><testcase classname="tests.test_voice_subtext.TestContextHardening" name="test_chunker_respects_completion_reserve" time="0.000" /><testcase classname="tests.test_voice_subtext.TestContextHardening" name="test_overview_capped" time="0.006" /><testcase classname="tests.test_watch.TestProcessPending" name="test_processes_and_moves_file" time="0.133" /><testcase classname="tests.test_watch.TestProcessPending" name="test_skips_non_screenplay_files" time="0.025" /><testcase classname="tests.test_watch.TestProcessPending" name="test_move_done_false_keeps_file" time="0.209" /><testcase classname="tests.test_webapp_api.TestStaticServing" name="test_index_served" time="0.003" /><testcase classname="tests.test_webapp_api.TestStaticServing" name="test_css_served" time="0.002" /><testcase classname="tests.test_webapp_api.TestStaticServing" name="test_js_served" time="0.002" /><testcase classname="tests.test_webapp_api.TestConfig" name="test_get_config" time="0.003" /><testcase classname="tests.test_webapp_api.TestConfig" name="test_set_config" time="0.003" /><testcase classname="tests.test_webapp_api.TestProjectLifecycle" name="test_upload_creates_project_and_parses" time="0.009" /><testcase classname="tests.test_webapp_api.TestProjectLifecycle" name="test_upload_with_no_file_returns_400" time="0.003" /><testcase classname="tests.test_webapp_api.TestProjectLifecycle" name="test_get_nonexistent_project_404" time="0.003" /><testcase classname="tests.test_webapp_api.TestProjectLifecycle" name="test_list_projects_after_upload" time="0.015" /><testcase classname="tests.test_webapp_api.TestProjectLifecycle" name="test_analyze_full_flow" time="0.247" /><testcase classname="tests.test_webapp_api.TestProjectLifecycle" name="test_report_before_analyze_returns_400" time="0.015" /><testcase classname="tests.test_webapp_api.TestProjectLifecycle" name="test_force_rerun_actually_reruns" time="0.377" /><testcase classname="tests.test_webapp_api.TestProjectLifecycle" name="test_reparse_resets_analysis_and_regenerates_parse" time="0.221" /><testcase classname="tests.test_webapp_api.TestProjectLifecycle" name="test_reparse_then_analyze_regenerates_report" time="0.437" /><testcase classname="tests.test_webapp_api.TestProjectLifecycle" name="test_reparse_nonexistent_project_404" time="0.004" /><testcase classname="tests.test_webapp_api.TestChatFlow" name="test_start_chat" time="0.165" /><testcase classname="tests.test_webapp_api.TestChatFlow" name="test_chat_falls_back_when_pinned_model_not_loaded" time="0.241" /><testcase classname="tests.test_webapp_api.TestChatFlow" name="test_send_message_and_get_reply" time="0.312" /><testcase classname="tests.test_webapp_api.TestChatFlow" name="test_send_message_with_quote" time="0.270" /><testcase classname="tests.test_webapp_api.TestChatFlow" name="test_empty_message_rejected" time="0.295" /><testcase classname="tests.test_webapp_api.TestChatFlow" name="test_delete_session_then_start_recovers" time="0.195" /><testcase classname="tests.test_webapp_api.TestChatFlow" name="test_delete_session_clears_manifest_reference" time="0.265" /><testcase classname="tests.test_webapp_api.TestChatFlow" name="test_fork_and_isolation" time="0.358" /><testcase classname="tests.test_webapp_api.TestChatFlow" name="test_switch_branch" time="0.214" /><testcase classname="tests.test_webapp_api.TestChatFlow" name="test_switch_to_nonexistent_branch_fails_cleanly" time="0.246" /><testcase classname="tests.test_webapp_api.TestChatFlow" name="test_update_persona_and_mode" time="0.286" /><testcase classname="tests.test_webapp_api.TestChatFlow" name="test_invalid_persona_rejected" time="0.195" /><testcase classname="tests.test_webapp_api.TestChatFlow" name="test_chat_works_without_analysis" time="0.034" /><testcase classname="tests.test_webapp_api.TestChatFlow" name="test_new_session_defaults_to_writing_partner" time="0.266" /><testcase classname="tests.test_webapp_api.TestChatFlow" name="test_settings_reset_to_partner" time="0.224" /><testcase classname="tests.test_webapp_api.TestChatFlow" name="test_report_and_fixqueue_available_after_analysis" time="0.206" /><testcase classname="tests.test_webapp_api.TestChatFlow" name="test_get_writer_memory" time="0.003" /><testcase classname="tests.test_webapp_api.TestChatFlow" name="test_suppress_observation_via_api" time="0.319" /><testcase classname="tests.test_webapp_api.TestChatFlow" name="test_suppress_unknown_observation_404" time="0.003" /><testcase classname="tests.test_webapp_api.TestChatFlow" name="test_refresh_endpoint_merges_mock_proposal" time="0.342" /><testcase classname="tests.test_webapp_api.TestTimeoutConfig" name="test_set_timeout_via_config" time="0.003" /><testcase classname="tests.test_webapp_api.TestTimeoutConfig" name="test_invalid_timeout_ignored_not_crashed" time="0.004" /><testcase classname="tests.test_webapp_api.TestTimeoutConfig" name="test_timeout_flows_into_new_project_manifest" time="0.014" /><testcase classname="tests.test_webapp_api.TestTimeoutConfig" name="test_timeout_flows_into_analyze" time="0.225" /><testcase classname="tests.test_webapp_api.TestConnectionTest" name="test_successful_connection" time="0.018" /><testcase classname="tests.test_webapp_api.TestConnectionTest" name="test_unreachable_server" time="2.184" /><testcase classname="tests.test_webapp_api.TestConnectionTest" name="test_uses_configured_url_when_none_given" time="0.021" /><testcase classname="tests.test_webapp_api.TestProgressStall" name="test_stale_running_progress_reports_stalled_and_heals_manifest" time="0.032" /><testcase classname="tests.test_webapp_api.TestProgressStall" name="test_fresh_running_progress_not_stalled" time="0.025" /><testcase classname="tests.test_webapp_api.TestProgressStall" name="test_legacy_progress_without_ts_left_alone" time="0.026" /><testcase classname="tests.test_webapp_api.TestProgressStall" name="test_stale_legacy_progress_without_ts_heals_too" time="0.028" /><testcase classname="tests.test_webapp_revision.TestScriptViewer" name="test_script_endpoint_returns_working_copy" time="0.022" /><testcase classname="tests.test_webapp_revision.TestScriptViewer" name="test_script_endpoint_404" time="0.003" /><testcase classname="tests.test_webapp_revision.TestScriptViewer" name="test_edits_endpoint_empty_before_any_edit" time="0.015" /><testcase classname="tests.test_webapp_revision.TestRewriteFlow" name="test_rewrite_proposes_candidates_without_applying" time="0.262" /><testcase classname="tests.test_webapp_revision.TestRewriteFlow" name="test_rewrite_missing_scene_404" time="0.139" /><testcase classname="tests.test_webapp_revision.TestRewriteFlow" name="test_rewrite_requires_scene_number" time="0.201" /><testcase classname="tests.test_webapp_revision.TestRewriteFlow" name="test_apply_changes_working_copy_and_marks_finding_addressed" time="0.294" /><testcase classname="tests.test_webapp_revision.TestRewriteFlow" name="test_edits_log_records_applied_edits" time="0.279" /><testcase classname="tests.test_webapp_revision.TestRewriteFlow" name="test_reset_discards_edits" time="0.263" /><testcase classname="tests.test_webapp_revision.TestExport" name="test_export_formats[fountain-text/plain-Title: Revision Test Script]" time="0.018" /><testcase classname="tests.test_webapp_revision.TestExport" name="test_export_formats[fdx-application/xml-&lt;FinalDraft]" time="0.017" /><testcase classname="tests.test_webapp_revision.TestExport" name="test_export_formats[txt-text/plain-INT. STUDY - NIGHT]" time="0.017" /><testcase classname="tests.test_webapp_revision.TestExport" name="test_export_includes_edits" time="0.207" /><testcase classname="tests.test_webapp_revision.TestExport" name="test_bad_format_rejected" time="0.015" /><testcase classname="tests.test_webapp_revision.TestExport" name="test_exported_fdx_reparses_to_same_structure" time="0.023" /><testcase classname="tests.test_writer_library" name="test_build_library_digests" time="0.014" /><testcase classname="tests.test_writer_library" name="test_build_library_excludes_current_project" time="0.008" /><testcase classname="tests.test_writer_library" name="test_build_library_tolerates_unparsed" time="0.003" /><testcase classname="tests.test_writer_library" name="test_digest_text_has_guard_and_content" time="0.008" /><testcase classname="tests.test_writer_library" name="test_writer_library_route" time="0.005" /><testcase classname="tests.test_writer_memory" name="test_extract_tone_statement_direct" time="0.000" /><testcase classname="tests.test_writer_memory" name="test_extract_tone_statement_short" time="0.000" /><testcase classname="tests.test_writer_memory" name="test_extract_probe_engagement" time="0.000" /><testcase classname="tests.test_writer_memory" name="test_extract_pushback" time="0.000" /><testcase classname="tests.test_writer_memory" name="test_extract_support_style" time="0.000" /><testcase classname="tests.test_writer_memory" name="test_older_profile_missing_new_dimension_does_not_crash" time="0.000" /><testcase classname="tests.test_writer_memory" name="test_support_style_gates_after_evidence" time="0.000" /><testcase classname="tests.test_writer_memory" name="test_extract_topics" time="0.000" /><testcase classname="tests.test_writer_memory" name="test_single_signal_does_not_gate" time="0.000" /><testcase classname="tests.test_writer_memory" name="test_three_consistent_signals_gate" time="0.000" /><testcase classname="tests.test_writer_memory" name="test_contradiction_flips_only_when_winning" time="0.000" /><testcase classname="tests.test_writer_memory" name="test_card_empty_profile" time="0.000" /><testcase classname="tests.test_writer_memory" name="test_card_gated_only_and_never_quotes_memory" time="0.000" /><testcase classname="tests.test_writer_memory" name="test_card_excludes_suppressed_observation" time="0.000" /><testcase classname="tests.test_writer_memory" name="test_suppressed_belief_drops_phrase_and_gate" time="0.000" /><testcase classname="tests.test_writer_memory" name="test_forgotten_belief_returns_after_learning" time="0.001" /><testcase classname="tests.test_writer_memory" name="test_card_omits_refresh_observation_for_rejected_dimension" time="0.000" /><testcase classname="tests.test_writer_memory" name="test_contradiction_auto_suppress_keeps_new_pole_phrase" time="0.000" /><testcase classname="tests.test_writer_memory" name="test_cold_start_line_only_when_zero_evidence" time="0.000" /><testcase classname="tests.test_writer_memory" name="test_refresh_prompt_shape" time="0.000" /><testcase classname="tests.test_writer_memory" name="test_parse_refresh_json" time="0.000" /><testcase classname="tests.test_writer_memory" name="test_merge_refresh_higher_confidence_wins" time="0.000" /><testcase classname="tests.test_writer_memory" name="test_merge_refresh_lower_confidence_loses" time="0.000" /><testcase classname="tests.test_writer_memory" name="test_merge_refresh_observations_novel_only" time="0.000" /><testcase classname="tests.test_writer_memory" name="test_round_trip_and_observe" time="0.023" /><testcase classname="tests.test_writer_memory" name="test_corrupt_file_backed_up" time="0.008" /><testcase classname="tests.test_writer_memory" name="test_suppress_persists" time="0.017" /><testcase classname="tests.test_writer_memory" name="test_gated_dimensions_method_suppression_aware" time="0.004" /><testcase classname="tests.test_writer_memory" name="test_refresh_due_and_reset" time="0.006" /><testcase classname="tests.test_writer_memory" name="test_refresh_sync_merges_proposal" time="0.007" /><testcase classname="tests.test_writer_memory" name="test_memory_none_prompt_has_no_card" time="0.000" /><testcase classname="tests.test_writer_memory" name="test_card_injected_when_gated" time="0.004" /><testcase classname="tests.test_writer_memory" name="test_cold_start_line_only_first_turn" time="0.003" /><testcase classname="tests.test_writer_memory" name="test_observe_called_each_turn" time="0.004" /><testcase classname="tests.test_writer_memory" name="test_card_text_filters_other_project_observations" time="0.000" /><testcase classname="tests.test_writer_memory" name="test_card_text_no_scope_is_global_only" time="0.000" /><testcase classname="tests.test_writer_memory" name="test_merge_refresh_scopes_entity_mentions" time="0.002" /><testcase classname="tests.test_writer_memory" name="test_refresh_prompt_forbids_script_facts" time="0.000" /><testcase classname="tests.test_writer_memory" name="test_migrate_v2_tags_script_specific_observation" time="0.000" /><testcase classname="tests.test_writer_memory" name="test_migrate_v2_idempotent" time="0.000" /><testcase classname="tests.test_writer_memory" name="test_entity_scope_map_resolves_relative_projects_dir" time="0.813" /></testsuite></testsuites>